
link: http://gaoqing.la/good-time.html2017年 好时光 [剧情好像电影版越狱哦]
[img]http://wx4.sinaimg.cn/bmiddle/ed5e6a1dly1fl3vpu1i5jj20go0op0ue.jpg[/img]
◎译　　名　好时光/命中有罪(港)/失速夜狂奔(台)
◎片　　名　Good Time
◎年　　代　2017
◎产　　地　美国
◎类　　别　剧情/犯罪
◎语　　言　英语
◎上映日期　2017-05-25(戛纳电影节)/2017-08-11(美国)
◎IMDb评分 7.8/10 from 6,138 users
◎IMDb链接 http://1080pdy.com/tt4846232/
◎豆瓣评分　7.7/10 from 826 users
◎豆瓣链接　http://1080pdy.com/26528871/
◎片　　长　102分钟
◎导　　演　本·萨弗迪 Ben Safdie / 约书亚·萨弗迪 Joshua Safdie
◎主　　演　罗伯特·帕丁森 Robert Pattinson
　　　　　　本·萨弗迪 Ben Safdie
　　　　　　泰丽尔·韦伯斯特 Taliah Webster
　　　　　　詹妮弗·杰森·李 Jennifer Jason Leigh
　　　　　　巴克德·阿巴蒂 Barkhad Abdi
　　　　　　内可罗 Necro
　　　　　　苏利芒·西尔·萨瓦内 Souleymane Sy Savane
　　　　　　菲尔·卡帕多拉 Phil Cappadora
　　　　　　肖恩·雷伊 Shaun Rey
　　　　　　巴迪·杜瑞斯 Buddy Duress
　　　　　　马科斯·A·冈萨雷斯 Marcos A. Gonzalez
　　　　　　克利夫·莫伊伦 Cliff Moylan
　　　　　　埃德加·莫雷斯 Edgar Morais
　　　　　　卢卡斯·艾略特·艾博尔 Lucas Elliot Eberl
◎简　　介
　　一起以灾难收场的抢劫案后，劫犯康斯坦丁成功逃走，但他的弟弟尼克却被捕。为了能让自己的弟弟离开监狱，康斯坦丁尝试了去筹集足够的保释金，但他还有另外一个选择，那就是帮助尼克越狱。穷途末路的康斯坦丁别无他法，在纽约的地下世界中，等待着他的只有危机四伏的挑战。一个惊心动魄的漫漫长夜就此拉开序幕，为了拯救自己与尼克，康斯坦丁唯有与时间赛跑，而他也意识到，他和尼克的生命就像是处于平衡木的两端，无法一起全身而退。
◎获奖情况
　　第70届戛纳电影节  (2017)
　　主竞赛单元 金棕榈奖(提名) 本·萨弗迪 / 约书亚·萨弗迪
　　第27届哥谭独立电影奖  (2017)
　　最佳影片(提名)
　　最佳男演员(提名) 罗伯特·帕丁森
WEB-DL：
Good.Time.2017.1080p.WEB-DL.DD5.1.H264-FGT
Download:
[hide][code]magnet:?xt=urn:btih:a3e6748d3b498082709aefa075c8cfd8c9a7cbe6&amp;dn=Good.Time.2017.1080p.WEB-DL.DD5.1.H264-FGT&amp;tr=http%3A%2F%2Ftracker.trackerfix.com%3A80%2Fannounce&amp;tr=udp%3A%2F%2F9.rarbg.me%3A2710&amp;tr=udp%3A%2F%2F9.rarbg.to%3A2710[/code][/hide]


=+==+==+==+==+==+==+==+==+==+==+==+==+==+==+==+==+==+==+==+=

link: http://gaoqing.la/valerian-and-the-city-of-a-thousand-planets.html2017年 星际特工：千星之城 [吕克贝松全新力作 吴亦凡参演]
[img]http://wx1.sinaimg.cn/bmiddle/ed5e6a1dly1fl2v0ijstzj20go0p2whg.jpg[/img]
◎译　　名　星际特工：千星之城/瓦莱里安与一千颗行星的城市/星际特工瓦雷诺：千星之城(台)/瓦莱里安与千星之城
◎片　　名　Valérian and the City of a Thousand Planets
◎年　　代　2017
◎产　　地　法国
◎类　　别　动作/科幻/冒险
◎语　　言　英语/法语
◎上映日期　2017-07-20(德国)/2017-07-26(法国)/2017-08-25(中国大陆)
◎IMDb评分 6.7/10 from 41,892 users
◎IMDb链接 http://1080pdy.com/tt2239822/
◎豆瓣评分　7.1/10 from 60,426 users
◎豆瓣链接　http://1080pdy.com/11502973/
◎片　　长　137分钟
◎导　　演　吕克·贝松 Luc Besson
◎主　　演　戴恩·德哈恩 Dane DeHaan
　　　　　　卡拉·迪瓦伊 Cara Delevingne
　　　　　　克里夫·欧文 Clive Owen
　　　　　　蕾哈娜 Rihanna
　　　　　　伊桑·霍克 Ethan Hawke
　　　　　　赫比·汉考克 Herbie Hancock
　　　　　　吴亦凡 Kris Wu
　　　　　　萨姆·斯普卢尔 Sam Spruell
　　　　　　阿兰·夏巴 Alain Chabat
　　　　　　鲁特格尔·哈尔 Rutger Hauer
　　　　　　泽维尔·吉亚诺利 Xavier Giannoli
　　　　　　约翰·古德曼 John Goodman
　　　　　　山姆·道格拉斯 Sam Douglas
◎简　　介
　　故事设定在28世纪，人类发现了如何进行时空旅行。Valerian（戴恩·德哈恩 Dane DeHaan 饰）和Laureline（卡拉·迪瓦伊 Cara Delevingne 饰）是“时空服务”的特工，负责保护地球帝国的行星。他们像往常一样执行着星际任务，但在执行一次任务时，他们偶然发现了一个秘密，而他们也被卷入其中，越陷越深……
HDRip硬韩字幕版：
Valerian.and.the.City.of.a.Thousand.Planets.2017.720p.KORSUB.HDRip.x264.AAC2.0-STUTTERSHIT
字幕：
https://pan.baidu.com/s/1nvuZhrV 密码: 2w7c
https://pan.baidu.com/s/1c23yP0W
Download:
[hide][code]magnet:?xt=urn:btih:e93c702a45e513216cb083816a3cec4bf426cbad&amp;dn=Valerian.and.the.City.of.a.Thousand.Planets.2017.720p.KORSUB.HDRip.x264.AAC2.0-STUTTERSHIT&amp;tr=http%3A%2F%2Ftracker.trackerfix.com%3A80%2Fannounce&amp;tr=udp%3A%2F%2F9.rarbg.me%3A2710&amp;tr=udp%3A%2F%2F9.rarbg.to%3A2710[/code][/hide]


=+==+==+==+==+==+==+==+==+==+==+==+==+==+==+==+==+==+==+==+=

link: http://gaoqing.la/happy-death-day.html2017年 忌日快乐 [逃出绝命镇 人类清除计划监制团队最新力作]
[img]http://wx3.sinaimg.cn/bmiddle/ed5e6a1dly1fkxmn2j6k1j20go0qe75o.jpg[/img]
◎译　　名　忌日快乐/吓到半死/死亡无限LOOP(港)
◎片　　名　Happy Death Day
◎年　　代　2017
◎产　　地　美国
◎类　　别　悬疑/惊悚/恐怖
◎语　　言　英语
◎上映日期　2017-10-13(美国)
◎IMDb评分 6.7/10 from 8,449 users
◎IMDb链接 http://1080pdy.com/tt5308322/
◎豆瓣评分　7.3/10 from 1,338 users
◎豆瓣链接　http://1080pdy.com/27027913/
◎片　　长　96分钟
◎导　　演　克里斯托弗·兰登 Christopher Landon
◎主　　演　杰西卡·罗德 Jessica Rothe
　　　　　　伊瑟尔·布罗萨德 Israel Broussard
　　　　　　露比·莫迪恩 Ruby Modine
　　　　　　查尔斯·艾特肯 Charles Aitken
　　　　　　劳拉·克利夫顿 Laura Clifton
　　　　　　杰森·拜尔 Jason Bayle
　　　　　　罗布·梅洛 Rob Mello
　　　　　　瑞秋·马休斯 Rachel Matthews
　　　　　　拉姆齐·安德森 Ramsey Anderson
　　　　　　布雷迪·刘易斯 Brady Lewis
　　　　　　飞·武 Phi Vu
　　　　　　泰内娅·英崔亚勾 Tenea Intriago
　　　　　　布莱恩·克恩 Blaine Kern III
　　　　　　卡瑞尔拉·史密斯 Cariella Smith
　　　　　　吉米·冈萨雷斯 Jimmy Gonzales
　　　　　　比利·斯洛特 Billy Slaughter
　　　　　　唐娜·杜普兰提尔 Donna Duplantier
　　　　　　吉吉·埃内塔 GiGi Erneta
　　　　　　林赛·G.史密斯 Lindsey G. Smith
　　　　　　戴恩·罗兹 Dane Rhodes
　　　　　　凯莱布·斯比尔亚兹 Caleb Spillyards
　　　　　　蜜西·雅格 Missy Yager
◎简　　介
　　叙述一名大学生不断重复经历她被人谋杀的当天，包括所有的细节和可怕的死亡结局，直到追查出杀她凶手的真正身份。
HDRip硬中字版：
Happy.Death.Day.2017.1080p.HC.HDRip.x264.AAC2.0-STUTTERSHIT
Download:
[hide][code]magnet:?xt=urn:btih:281eb047648ba6fe95a10c07579071656651dd47&amp;dn=Happy.Death.Day.2017.1080p.HC.HDRip.x264.AAC2.0-STUTTERSHIT&amp;tr=http%3A%2F%2Ftracker.trackerfix.com%3A80%2Fannounce&amp;tr=udp%3A%2F%2F9.rarbg.me%3A2710&amp;tr=udp%3A%2F%2F9.rarbg.to%3A2710[/code][/hide]


=+==+==+==+==+==+==+==+==+==+==+==+==+==+==+==+==+==+==+==+=

link: http://gaoqing.la/acts-of-vengeance.html2017年 复仇行动 [杀妻之仇也不共戴天]
[img]http://wx1.sinaimg.cn/bmiddle/ed5e6a1dly1fkxmg8h4k6j20go0opmy9.jpg[/img]
◎译　　名　复仇行动
◎片　　名　Acts Of Vengeance
◎年　　代　2017
◎产　　地　保加利亚
◎类　　别　动作/犯罪/惊悚
◎语　　言　英语
◎上映日期　2017-10-27(美国)
◎豆瓣评分　0/10 from 0 users
◎豆瓣链接　http://1080pdy.com/26957198/
◎片　　长　87分钟
◎导　　演　艾萨克·佛罗伦汀 Isaac Florentine
◎主　　演　安东尼奥·班德拉斯 Antonio Banderas
　　　　　　克里斯蒂娜·塞拉菲尼 Cristina Serafini
　　　　　　卡尔·厄本 Karl Urban
　　　　　　罗伯特·福斯特 Robert Forster
　　　　　　大卫·樱井 David Sakurai
　　　　　　帕斯·贝加 Paz Vega
　　　　　　马克·史密斯 Mark Rhino Smith
　　　　　　克林特·戴尔 Clint Dyer
　　　　　　艾萨克·佛罗伦汀 Isaac Florentine
　　　　　　莱乔·瓦斯列夫 Raicho Vasilev
　　　　　　Atanas Srebrev
　　　　　　Grace Wan
◎简　　介
　　故事讲述律师弗兰克·瓦莱拉(班德拉斯饰)的妻女遭杀害，而他隐藏身份，假装沉默，以此手刃杀人凶手。
WEB-DL：
Acts.Of.Vengeance.2017.1080p.WEB-DL.DD5.1.H264-FGT
Download:
[hide][code]magnet:?xt=urn:btih:59f6091c2f96a26fa0540e71f816789c270f7cf8&amp;dn=Acts.Of.Vengeance.2017.1080p.WEB-DL.DD5.1.H264-FGT&amp;tr=http%3A%2F%2Ftracker.trackerfix.com%3A80%2Fannounce&amp;tr=udp%3A%2F%2F9.rarbg.me%3A2710&amp;tr=udp%3A%2F%2F9.rarbg.to%3A2710[/code][/hide]


=+==+==+==+==+==+==+==+==+==+==+==+==+==+==+==+==+==+==+==+=

link: http://gaoqing.la/the-glass-castle.html2017年 玻璃城堡 [一个真实的故事，却离奇得超乎想象]
[img]http://wx2.sinaimg.cn/bmiddle/ed5e6a1dly1fku60qq8mvj20go0ppt9e.jpg[/img]
◎译　　名　玻璃城堡
◎片　　名　The Glass Castle
◎年　　代　2017
◎产　　地　美国
◎类　　别　剧情/传记
◎语　　言　英语
◎上映日期　2017-08-11(美国)
◎IMDb评分 7.1/10 from 3,011 users
◎IMDb链接 http://1080pdy.com/tt2378507/
◎豆瓣评分　7.6/10 from 98 users
◎豆瓣链接　http://1080pdy.com/10743963/
◎片　　长　127分钟
◎导　　演　德斯汀·克里顿 Destin Cretton
◎主　　演　布丽·拉尔森 Brie Larson
　　　　　　伍迪·哈里森 Woody Harrelson
　　　　　　娜奥米·沃茨 Naomi Watts
　　　　　　艾拉·安德森 Ella Anderson
　　　　　　钱德勒·海德 Chandler Head
　　　　　　马克思·格林菲尔德 Max Greenfield
　　　　　　乔希·卡拉斯 Josh Caras
　　　　　　查理·肖特韦尔 Charlie Shotwell
　　　　　　伊恩·阿米蒂奇 Iain Armitage
　　　　　　莎拉·斯努克 Sarah Snook
　　　　　　萨迪·辛克 Sadie Sink
　　　　　　奥利维亚·凯特·莱斯 Olivia Kate Rice
　　　　　　布里盖特·伦迪·佩恩 Brigette Lundy-Paine
　　　　　　席瑞·克鲁克斯 Shree Crooks
　　　　　　伊登·格雷斯·雷德菲尔德 Eden Grace Redfield
　　　　　　罗宾·巴特利特 Robin Bartlett
　　　　　　乔·平格 Joe Pingue
　　　　　　多米尼克·博加特 Dominic Bogart
◎简　　介
　　这是一个真实的故事，却常常离奇得超乎想象，轻松幽默的语言背后有着许多深沉感人的亮点。一个拥有价值百万美金的土地却坚持流浪街头的画家母亲，一个魅力超凡才华横溢却酗酒嗜赌的天才父亲，四个聪明坚强的孩子，构成了沃尔斯一家。父母的空想主义和特立独行的生活态度既给全家带来了灾祸，也带来了救赎。他们在美国西南部的矿镇度过了纯真快乐、充满冒险而又满怀希望的流浪生活，孩子们学会了如何勇敢地拥抱生活。但是当经济越发拮据、流浪的热情逐渐减退时，孩子们只能互相照顾，并忍受着父母对他们不经意的伤害。他们努力地存钱，相继离家去了纽约，开始了各自想要的生活。珍妮特·沃尔斯用准确、优雅的文字描绘、刻画出一段极其动荡伤感的童年往事。这部回忆录扣人心弦，堪称人性的胜利。每一本好书都能增强我们对人类精神的信念，本书亦如此。
WEB-DL：
The.Glass.Castle.2017.1080p.WEB-DL.DD5.1.H264-FGT
720P：
The.Glass.Castle.2017.720p.BluRay.X264-AMIABLE
1080P：
The.Glass.Castle.2017.1080p.BluRay.X264-AMIABLE
高码1080P：
The.Glass.Castle.2017.1080p.BluRay.x264.DD5.1-HDC
The.Glass.Castle.2017.1080p.BluRay.x264.TrueHD.7.1-HDC
Download:
[hide][code]magnet:?xt=urn:btih:843236148be5fe2ac39a3cad01ed694d57687403&amp;dn=The.Glass.Castle.2017.1080p.WEB-DL.DD5.1.H264-FGT&amp;tr=http%3A%2F%2Ftracker.trackerfix.com%3A80%2Fannounce&amp;tr=udp%3A%2F%2F9.rarbg.me%3A2710&amp;tr=udp%3A%2F%2F9.rarbg.to%3A2710[/code][/hide]
Download:
[hide][code]magnet:?xt=urn:btih:2bb19670a7bfe3ee8762ef9a64c57b5d2de25a41&amp;dn=The.Glass.Castle.2017.720p.BluRay.X264-AMIABLE&amp;tr=http%3A%2F%2Ftracker.trackerfix.com%3A80%2Fannounce&amp;tr=udp%3A%2F%2F9.rarbg.me%3A2710&amp;tr=udp%3A%2F%2F9.rarbg.to%3A2710[/code][/hide]
Download:
[hide][code]magnet:?xt=urn:btih:63f6b8aa1e469aa3e064a8b596db86d373701ff4&amp;dn=The.Glass.Castle.2017.1080p.BluRay.X264-AMIABLE&amp;tr=http%3A%2F%2Ftracker.trackerfix.com%3A80%2Fannounce&amp;tr=udp%3A%2F%2F9.rarbg.me%3A2710&amp;tr=udp%3A%2F%2F9.rarbg.to%3A2710[/code][/hide]
Download:
[hide][code]magnet:?xt=urn:btih:28ae7fc0484766584176ae17e9c75c817512b669&amp;dn=The.Glass.Castle.2017.1080p.BluRay.x264.DD5.1-HDC&amp;tr=http%3A%2F%2Ftracker.trackerfix.com%3A80%2Fannounce&amp;tr=udp%3A%2F%2F9.rarbg.me%3A2710&amp;tr=udp%3A%2F%2F9.rarbg.to%3A2710[/code][/hide]
Download:
[hide][code]magnet:?xt=urn:btih:23128ae24acfb8c0a68dd68abe5dd9dde4ce5279&amp;dn=The.Glass.Castle.2017.1080p.BluRay.x264.TrueHD.7.1-HDC&amp;tr=http%3A%2F%2Ftracker.trackerfix.com%3A80%2Fannounce&amp;tr=udp%3A%2F%2F9.rarbg.me%3A2710&amp;tr=udp%3A%2F%2F9.rarbg.to%3A2710[/code][/hide]


=+==+==+==+==+==+==+==+==+==+==+==+==+==+==+==+==+==+==+==+=

link: http://gaoqing.la/i-can-speak.html2017年 我能说 [棒子高分喜剧]
[img]http://wx4.sinaimg.cn/bmiddle/ed5e6a1dly1fkx4ztmsq2j20go0nx75c.jpg[/img]
◎译　　名　我能说
◎片　　名　아이 캔 스피크
◎年　　代　2017
◎产　　地　韩国
◎类　　别　喜剧
◎语　　言　韩语
◎上映日期　2017-09-21(韩国)
◎IMDb评分 7.7/10 from 69 users
◎IMDb链接 http://1080pdy.com/tt7342204/
◎豆瓣评分　8.4/10 from 324 users
◎豆瓣链接　http://1080pdy.com/27000061/
◎片　　长　119分钟
◎导　　演　金炫锡 Hyeon-seok Kim
◎主　　演　罗文姬 Mun-hee Na
　　　　　　李帝勋 Je-hoon Lee
　　　　　　李相喜 Sang-hee Lee
◎简　　介
　　讲述的是性格耿直爱打抱不平的热血信访女士通过向极具原则性的9级公务员学习英语的过程中，逐渐学会讲英语的同时两个人的心扉也逐渐打开成为忘年之交的故事。
HDRip：
I.Can.Speak.2017.720p.HDRip.H264.AAC-JAYENT
字幕：
https://pan.baidu.com/s/1skAjzXj 密码: px5h
https://pan.baidu.com/s/1cycYZ0
Download:
[hide][code]magnet:?xt=urn:btih:9c553d1434be5d83447d9de73044eb7f1f877e79[/code][/hide]


=+==+==+==+==+==+==+==+==+==+==+==+==+==+==+==+==+==+==+==+=

link: http://gaoqing.la/the-heyday-of-the-insensitive-bastards.html2017年 麻木不仁的混蛋们的全盛时期 [根据罗伯特·鲍斯威尔的系列短篇故事改编]
[img]http://wx4.sinaimg.cn/bmiddle/ed5e6a1dly1fkx41qmi9rj20go0p1jt2.jpg[/img]
◎译　　名　麻木不仁的混蛋们的全盛时期
◎片　　名　The Heyday of the Insensitive Bastards
◎年　　代　2017
◎产　　地　美国
◎类　　别　剧情/喜剧
◎语　　言　英语
◎上映日期　2017-10-27(美国)
◎IMDb评分 7.4/10 from 20 users
◎IMDb链接 http://1080pdy.com/tt4076926/
◎豆瓣评分　0/10 from 2 users
◎豆瓣链接　http://1080pdy.com/26085750/
◎片　　长　97分钟
◎导　　演　Mark Columbus / Lauren Hoekstra
◎主　　演　里克·罗德里格兹 Rico Rodriguez
　　　　　　马修·莫迪恩 Matthew Modine
　　　　　　詹姆斯·弗兰科 James Franco
　　　　　　阿比盖尔·斯宾赛 Abigail Spencer
　　　　　　凯特·玛拉 Kate Mara
　　　　　　爱波·塔布琳 Amber Tamblyn
　　　　　　克里斯汀·韦格 Kristen Wiig
　　　　　　托尼·考克斯 Tony Cox
　　　　　　吉米·坎摩尔 Jimmy Kimmel
　　　　　　吉姆·帕拉克 Jim Parrack
　　　　　　娜塔莉·波特曼 Natalie Portman
　　　　　　凯尔·吉克瑞斯特 Keir Gilchrist
　　　　　　托马斯·曼 Thomas Mann
　　　　　　波·米切尔 Bo Mitchell
◎简　　介
　　根据罗伯特·鲍斯威尔的系列短篇故事改编，7个不同的故事衔接在一起探索人生的幻想与现实、记忆与历史的区别，以及人类处境的快乐与痛苦。
WEB-DL：
The.Heyday.of.the.Insensitive.Bastards.2017.1080p.WEB-DL.DD5.1.H264-FGT
Download:
[hide][code]magnet:?xt=urn:btih:8e2fb41b8ca22bb3dc5d3175324b73e13153224f&amp;dn=The.Heyday.of.the.Insensitive.Bastards.2017.1080p.WEB-DL.DD5.1.H264-FGT&amp;tr=http%3A%2F%2Ftracker.trackerfix.com%3A80%2Fannounce&amp;tr=udp%3A%2F%2F9.rarbg.me%3A2710&amp;tr=udp%3A%2F%2F9.rarbg.to%3A2710[/code][/hide]


=+==+==+==+==+==+==+==+==+==+==+==+==+==+==+==+==+==+==+==+=

link: http://gaoqing.la/cars-3.html2017年 赛车总动员3：极速挑战 [迪士尼皮克斯动画工作室金奖团队倾力打造]
[img]http://wx4.sinaimg.cn/bmiddle/ed5e6a1dly1fkrujbe8xwj20go0ncgnc.jpg[/img]
◎译　　名　赛车总动员3：极速挑战/反斗车王3(港)/Cars 3：闪电再起(台)/赛车总动员3/汽车总动员3/小汽车的故事3/飞车正传3
◎片　　名　Cars 3
◎年　　代　2017
◎产　　地　美国
◎类　　别　喜剧/动画/冒险
◎语　　言　英语
◎上映日期　2017-06-16(美国)/2017-08-25(中国大陆)
◎IMDb评分 7.0/10 from 20,402 users
◎IMDb链接 http://1080pdy.com/tt3606752/
◎豆瓣评分　7.1/10 from 9,018 users
◎豆瓣链接　http://1080pdy.com/25849480/
◎片　　长　102分钟
◎导　　演　布莱恩·飞 Brian Fee
◎主　　演　欧文·威尔逊 Owen Wilson
　　　　　　克里斯黛拉·阿朗索 Cristela Alonzo
　　　　　　克里斯·库珀 Chris Cooper
　　　　　　内森·菲利安 Nathan Fillion
　　　　　　王牌接线员拉里 Larry The Cable Guy
　　　　　　阿米·汉莫 Armie Hammer
　　　　　　雷·马格利奥齐 Ray Magliozzi
　　　　　　托尼·夏尔赫布 Tony Shalhoub
　　　　　　邦尼·亨特 Bonnie Hunt
　　　　　　丽亚·德拉利亚 Lea DeLaria
　　　　　　凯丽·华盛顿 Kerry Washington
　　　　　　鲍勃·科斯塔斯 Bob Costas
　　　　　　玛格·马丁戴尔 Margo Martindale
　　　　　　达雷尔·沃尔特里普 Darrell Waltrip
　　　　　　小伊塞亚·维特洛克 Isiah Whitlock Jr.
　　　　　　保罗·杜利 Paul Dooley
　　　　　　凯瑟琳·海蒙德 Katherine Helmond
　　　　　　切奇·马林 Cheech Marin
◎简　　介
　　讲述世界冠军闪电麦坤已成为当代车坛的传奇人物，曾五次夺得活塞杯冠军。但车坛风云突变，新车辈出，这让闪电麦坤的优势受到巨大威胁，更可怕的是，麦坤的自信也日渐瓦解。为了重返巅峰，闪电麦坤背水一战，但他对竞速的热爱，能为其回归之战注满能量吗？而除了麦坤外，影片中还有两位关键角色——酷姐拉米雷兹与黑风暴杰克逊。前者是一个阳光但严厉的赛车技师，将帮助麦坤重回巅峰；后者造型酷炫、速度奇快无比，是新一代赛车中的领跑者，也是麦坤最大的竞争对手。
WEB-DL：
Cars.3.2017.1080p.WEB-DL.DD5.1.H264-FGT
字幕：
https://pan.baidu.com/s/1miIHfQw 密码: 9iit
https://pan.baidu.com/s/1geIBgo7
720P：
Cars.3.2017.720p.BluRay.x264.DTS-HDC
1080P：
Cars.3.2017.1080p.BluRay.x264.DTS-HDC
高码1080P：
Cars.3.2017.1080p.BluRay.x264.DTS-HD.MA.7.1-HDC
字幕：
https://pan.baidu.com/s/1skZlQAL 密码: u83a
https://pan.baidu.com/s/1qYmfgkO
Download:
[hide][code]magnet:?xt=urn:btih:6c5e93b9786ada4c92276671769f6ec553e39b19&amp;dn=Cars.3.2017.1080p.WEB-DL.DD5.1.H264-FGT&amp;tr=http%3A%2F%2Ftracker.trackerfix.com%3A80%2Fannounce&amp;tr=udp%3A%2F%2F9.rarbg.me%3A2710&amp;tr=udp%3A%2F%2F9.rarbg.to%3A2710[/code][/hide]
Download:
[hide][code]magnet:?xt=urn:btih:e1aa43e2a2b0f857993b671696b113226642f4cf&amp;dn=Cars.3.2017.720p.BluRay.x264.DTS-HDC&amp;tr=http%3A%2F%2Ftracker.trackerfix.com%3A80%2Fannounce&amp;tr=udp%3A%2F%2F9.rarbg.me%3A2710&amp;tr=udp%3A%2F%2F9.rarbg.to%3A2710[/code][/hide]
Download:
[hide][code]magnet:?xt=urn:btih:cc59b2b58f9751efb8e7686b1c403f60b4ec7501&amp;dn=Cars.3.2017.1080p.BluRay.x264.DTS-HDC&amp;tr=http%3A%2F%2Ftracker.trackerfix.com%3A80%2Fannounce&amp;tr=udp%3A%2F%2F9.rarbg.me%3A2710&amp;tr=udp%3A%2F%2F9.rarbg.to%3A2710[/code][/hide]
Download:
[hide][code]magnet:?xt=urn:btih:ed35be784dc0a0372bdf1fefd81a5d38f71367b3&amp;dn=Cars.3.2017.1080p.BluRay.x264.DTS-HD.MA.7.1-HDC&amp;tr=http%3A%2F%2Ftracker.trackerfix.com%3A80%2Fannounce&amp;tr=udp%3A%2F%2F9.rarbg.me%3A2710&amp;tr=udp%3A%2F%2F9.rarbg.to%3A2710[/code][/hide]


=+==+==+==+==+==+==+==+==+==+==+==+==+==+==+==+==+==+==+==+=

link: http://gaoqing.la/peach-girl.html2017年 蜜桃女孩 [这电影名很诱人]
[img]http://wx2.sinaimg.cn/bmiddle/ed5e6a1dly1fkvd4fmmkmj20go0onq4r.jpg[/img]
◎译　　名　蜜桃女孩
◎片　　名　ピーチガール
◎年　　代　2017
◎产　　地　日本
◎类　　别　剧情/喜剧/爱情
◎语　　言　日语
◎上映日期　2017-05-20(日本)
◎IMDb评分 8.0/10 from 44 users
◎IMDb链接 http://1080pdy.com/tt5593416/
◎豆瓣评分　4.6/10 from 371 users
◎豆瓣链接　http://1080pdy.com/26761228/
◎片　　长　116分钟
◎导　　演　神徳幸治 Koji Shintoku
◎主　　演　山本美月 Mizuki Yamamoto
　　　　　　伊野尾慧 Kei Inoo
　　　　　　真剑佑 Mackenyu
　　　　　　永野芽郁 Mei Nagano
◎简　　介
　　影片聚焦两位主人公互相持续交错的相思，是一部充满波澜争论的恋爱故事。女主角安达桃是一个有着晒黑肌肤和红色头发的高中生女孩，从外表上看让人误会是个“爱玩”、“无理取闹”，其实内心天真无邪。从中学时代起便一直对同级生东寺森一矢有好感，但仅仅只是远观而不敢靠近。另一方面，在学校中的人气男冈安浬对安达桃抱有兴趣，并逐渐被其吸引。在喜欢和桃抢东西的友人沙绘妨碍当中，桃要在东寺和浬中间做出抉择 。
720P内置中字：
Peach.Girl.2017.720p.BluRay.x264-WiKi
1080P内置中字：
Peach.Girl.2017.1080p.BluRay.x264.DTS-WiKi
Download:
[hide][code]magnet:?xt=urn:btih:4665847be9277345d9aec5e61f7878bd39817ca0&amp;dn=Peach.Girl.2017.720p.BluRay.x264-WiKi&amp;tr=http%3A%2F%2Ftracker.trackerfix.com%3A80%2Fannounce&amp;tr=udp%3A%2F%2F9.rarbg.me%3A2710&amp;tr=udp%3A%2F%2F9.rarbg.to%3A2710[/code][/hide]
Download:
[hide][code]magnet:?xt=urn:btih:566f27f7d1190013967b5d722d5c17e35cb3bf8c&amp;dn=Peach.Girl.2017.1080p.BluRay.x264.DTS-WiKi&amp;tr=http%3A%2F%2Ftracker.trackerfix.com%3A80%2Fannounce&amp;tr=udp%3A%2F%2F9.rarbg.me%3A2710&amp;tr=udp%3A%2F%2F9.rarbg.to%3A2710[/code][/hide]


=+==+==+==+==+==+==+==+==+==+==+==+==+==+==+==+==+==+==+==+=

link: http://gaoqing.la/ingrid-goes-west.html2017年 英格丽向西行 [一场精心策划的虚假姐妹情]
[img]http://wx4.sinaimg.cn/bmiddle/ed5e6a1dly1fku5yb99roj20go0no0u7.jpg[/img]
◎译　　名　英格丽向西行/网美嬉游记(台)/一路向西的英格里德
◎片　　名　Ingrid Goes West
◎年　　代　2017
◎产　　地　美国
◎类　　别　剧情/喜剧
◎语　　言　英语
◎上映日期　2017-01-20(圣丹斯电影节)/2017-08-11(美国)
◎IMDb评分 7.2/10 from 2,258 users
◎IMDb链接 http://1080pdy.com/tt5962210/
◎豆瓣评分　6.8/10 from 105 users
◎豆瓣链接　http://1080pdy.com/26928561/
◎片　　长　97分钟
◎导　　演　马特·斯派克 Matt Spicer
◎主　　演　奥布瑞·普拉扎 Aubrey Plaza
　　　　　　伊丽莎白·奥尔森 Elizabeth Olsen
　　　　　　怀亚特·罗素 Wyatt Russell
　　　　　　小奥谢拉·杰克逊 O’Shea Jackson Jr.
　　　　　　庞·克莱门捷夫 Pom Klementieff
　　　　　　比利·马格努森 Billy Magnussen
　　　　　　Charlie Wright
　　　　　　Hannah Pearl Utt
　　　　　　Malika Williams
　　　　　　Megan Griffey
　　　　　　Tina Lorraine
　　　　　　Angelica Amor
◎简　　介
　　疯狂迷恋网络生活的英格丽(普拉扎饰)现实生活却一团糟，当她看到另一个网络达人泰勒(奥尔森饰)完美生活后，决定与泰勒结为好友，一场精心策划的虚假姐妹情由此展开。
WEB-DL：
Ingrid.Goes.West.2017.1080p.WEB-DL.DD5.1.H264-FGT
720P：
Ingrid.Goes.West.2017.REPACK.720p.BluRay.x264-GECKOS
1080P：
Ingrid.Goes.West.2017.1080p.BluRay.x264-GECKOS
Download:
[hide][code]magnet:?xt=urn:btih:9fe4a5dce2dae63524c16e30b694734fffbead0c&amp;dn=Ingrid.Goes.West.2017.1080p.WEB-DL.DD5.1.H264-FGT&amp;tr=http%3A%2F%2Ftracker.trackerfix.com%3A80%2Fannounce&amp;tr=udp%3A%2F%2F9.rarbg.me%3A2710&amp;tr=udp%3A%2F%2F9.rarbg.to%3A2710[/code][/hide]
Download:
[hide][code]magnet:?xt=urn:btih:16c6fbf014ac2db98111e59b2054fb0e9c2f0494&amp;dn=Ingrid.Goes.West.2017.REPACK.720p.BluRay.x264-GECKOS&amp;tr=http%3A%2F%2Ftracker.trackerfix.com%3A80%2Fannounce&amp;tr=udp%3A%2F%2F9.rarbg.me%3A2710&amp;tr=udp%3A%2F%2F9.rarbg.to%3A2710[/code][/hide]
Download:
[hide][code]magnet:?xt=urn:btih:9f4a59ce10d3575545d7d9c02c1559dd2a52903c&amp;dn=Ingrid.Goes.West.2017.1080p.BluRay.x264-GECKOS&amp;tr=http%3A%2F%2Ftracker.trackerfix.com%3A80%2Fannounce&amp;tr=udp%3A%2F%2F9.rarbg.me%3A2710&amp;tr=udp%3A%2F%2F9.rarbg.to%3A2710[/code][/hide]


=+==+==+==+==+==+==+==+==+==+==+==+==+==+==+==+==+==+==+==+=

link: http://gaoqing.la/daytime-shooting-star.html2017年 昼行闪耀的流星 [好高的爱情片]
[img]http://wx1.sinaimg.cn/bmiddle/ed5e6a1dly1fkto5h99gnj20go0nndho.jpg[/img]
◎译　　名　昼行闪耀的流星/白昼的流星(台)/划过青空的火流星
◎片　　名　ひるなかの流星
◎年　　代　2017
◎产　　地　日本
◎类　　别　爱情
◎语　　言　日语
◎上映日期　2017-03-24(日本)
◎IMDb评分 8.6/10 from 18 users
◎IMDb链接 http://1080pdy.com/tt6078842/
◎豆瓣评分　6.5/10 from 772 users
◎豆瓣链接　http://1080pdy.com/26873577/
◎片　　长　118分钟
◎导　　演　新城毅彦 Takehiko Shinjo
◎主　　演　永野芽郁 Mei Nagano
　　　　　　三浦翔平 Shohei Miura
　　　　　　白滨亚岚
　　　　　　山本舞香 Maika Yamamoto
　　　　　　佐藤隆太 Ryûta Satô
◎简　　介
　　与谢野雀是在乡下长大的高中一年级学生。由于父亲去海外工作的缘故，她要去东京和谕吉叔叔一起生活了。上京第一天，她在去叔叔家的途中晕倒，恰巧被路过的狮子尾所救。在去叔叔家的路上，被狮子尾背著的小雀意外地发现狮子尾的脖子上有一颗痣，她不禁把这颗痣与记忆中曾引导迷路的年幼的自己的，那颗闪烁在白天中的星星重叠了起来。
　　就这样，小雀新生活的第一天总算过去了。对接下来的新生活不禁有些期待的她，迎来了转校的第一天。不料却在学校里跟狮子尾重逢。还发现狮子尾竟然是老师，还是自己的班导。而邻座的男生马村对她的态度也十分奇怪，让她很在意。
　　新的环境，新的邂逅，新的友情和恋情。
　　那颗星星究竟是什么，时至今日已经分辨不出，那是梦境还是现实。
720P内置中字：
Daytime.Shooting.Star.2017.720p.BluRay.x264.DTS-WiKi
1080P内置中字：
Daytime.Shooting.Star.2017.1080p.BluRay.x264.DTS-WiKi
Download:
[hide][code]magnet:?xt=urn:btih:2a5d3cbec89e20b079fa50b04c8e914e37d8e480&amp;dn=Daytime.Shooting.Star.2017.720p.BluRay.x264.DTS-WiKi&amp;tr=http%3A%2F%2Ftracker.trackerfix.com%3A80%2Fannounce&amp;tr=udp%3A%2F%2F9.rarbg.me%3A2710&amp;tr=udp%3A%2F%2F9.rarbg.to%3A2710[/code][/hide]
Download:
[hide][code]magnet:?xt=urn:btih:67d450fbb42a28859a82491d0e4cef27be4fc128&amp;dn=Daytime.Shooting.Star.2017.1080p.BluRay.x264.DTS-WiKi&amp;tr=http%3A%2F%2Ftracker.trackerfix.com%3A80%2Fannounce&amp;tr=udp%3A%2F%2F9.rarbg.me%3A2710&amp;tr=udp%3A%2F%2F9.rarbg.to%3A2710[/code][/hide]


=+==+==+==+==+==+==+==+==+==+==+==+==+==+==+==+==+==+==+==+=

link: http://gaoqing.la/glory-day.html2015年 光辉岁月 [最佳新人男演员提名]
[img]http://wx3.sinaimg.cn/bmiddle/ed5e6a1dly1fktn4102wtj20go0ng75r.jpg[/img]
◎译　　名　光辉岁月/冲出不归路(香港)/荣耀日/光辉的日子
◎片　　名　글로리데이
◎年　　代　2015
◎产　　地　韩国
◎类　　别　剧情
◎语　　言　韩语
◎上映日期　2015-10-03(釜山电影节)/2016-03-24(韩国)
◎IMDb评分 6.8/10 from 275 users
◎IMDb链接 http://1080pdy.com/tt5559586/
◎豆瓣评分　7.0/10 from 2,826 users
◎豆瓣链接　http://1080pdy.com/26368359/
◎片　　长　93分钟
◎导　　演　崔正烈 Jeong-Yeol Choi
◎主　　演　金志修 Kim Ji soo
　　　　　　金俊勉 SUHO
　　　　　　柳俊烈 Jun-yeol Ryu
　　　　　　金喜赞 Hee-Chan Kim
　　　　　　金烔完 Dong-wan Kim
◎简　　介
　　龙飞（金志洙 饰）、尚宇（金俊勉 饰）、都满（金喜赞 饰）和智孔（柳俊烈 饰）是从小玩到大的好友，彼此之间感情十分要好。毕业之后，四人选择了各自不同的未来，踏上了属于他们自己的人生旅途。
　　尚宇决定参军入伍，临行之际，几位好友决定结伴来一场释放青春之旅，然而，在旅途中，四人意外邂逅了一名身陷险境的陌生女子。无法对其坐视不管的四人向女子伸出了援手，哪知道竟然被卷入了麻烦之中，成为了警方调查的嫌疑对象，并且将此事告诉了四人各自的父母。在亲人的干预之下，四个年轻人之间开始了相互的猜忌，坚实的友情渐渐产生裂痕。
◎获奖情况
　　第37届韩国电影青龙奖  (2016)
　　最佳新人男演员(提名) 金志洙
720P内置中字：
Glory.Day.2016.720p.BluRay.x264-WiKi
1080P内置中字：
Glory.Day.2016.1080p.BluRay.x264.DTS-WiKi
Download:
[hide][code]magnet:?xt=urn:btih:d6c907226212e9804d2b3c33f04ccbafe3b076e3&amp;dn=Glory.Day.2016.720p.BluRay.x264-WiKi&amp;tr=http%3A%2F%2Ftracker.trackerfix.com%3A80%2Fannounce&amp;tr=udp%3A%2F%2F9.rarbg.me%3A2710&amp;tr=udp%3A%2F%2F9.rarbg.to%3A2710[/code][/hide]
Download:
[hide][code]magnet:?xt=urn:btih:bbd4f9ba8e722f8250112937ca3442ee81dac003&amp;dn=Glory.Day.2016.1080p.BluRay.x264.DTS-WiKi&amp;tr=http%3A%2F%2Ftracker.trackerfix.com%3A80%2Fannounce&amp;tr=udp%3A%2F%2F9.rarbg.me%3A2710&amp;tr=udp%3A%2F%2F9.rarbg.to%3A2710[/code][/hide]


=+==+==+==+==+==+==+==+==+==+==+==+==+==+==+==+==+==+==+==+=

link: http://gaoqing.la/atomic-blonde.html2017年 极寒之城 [惊天谍变 重整世界秩序]
[img]http://wx4.sinaimg.cn/bmiddle/ed5e6a1dly1fkgxpz9i23j20go0qe0u7.jpg[/img]
◎译　　名　极寒之城/极冻之城(台)/原子杀姬(港)/原子美人/最冷的城市
◎片　　名　Atomic Blonde
◎年　　代　2017
◎产　　地　美国
◎类　　别　动作/悬疑/惊悚
◎语　　言　英语
◎上映日期　2017-03-12(西南偏南电影节)/2017-07-28(美国)
◎IMDb评分 7.0/10 from 38,353 users
◎IMDb链接 http://1080pdy.com/tt2406566/
◎豆瓣评分　7.4/10 from 2,117 users
◎豆瓣链接　http://1080pdy.com/26386034/
◎片　　长　115分钟
◎导　　演　大卫·里奇 David Leitch
◎主　　演　查理兹·塞隆 Charlize Theron
　　　　　　詹姆斯·麦卡沃伊 James McAvoy
　　　　　　埃迪·马森 Eddie Marsan
　　　　　　约翰·古德曼 John Goodman
　　　　　　托比·琼斯 Toby Jones
　　　　　　詹姆斯·福克纳 James Faulkner
　　　　　　罗兰·默勒 Roland Møller
　　　　　　索菲亚·波多拉 Sofia Boutella
　　　　　　比尔·斯卡斯加德 Bill Skarsgård
　　　　　　山姆·哈格雷夫 Sam Hargrave
　　　　　　约翰内斯·豪克尔·约翰内森 Jóhannes Haukur Jóhannesson
　　　　　　蒂尔·施威格 Til Schweiger
　　　　　　巴巴拉·苏科瓦 Barbara Sukowa
　　　　　　阿提拉·阿帕 Attila Árpa
　　　　　　马丁·安格鲍尔 Martin Angerbauer
　　　　　　莉莉·格斯勒 Lili Gesler
◎简　　介
　　影片根据安东尼·约翰斯顿（Antony Johnston）的同名小说改编，讲述了“冷战”结束前的间谍行动：1989年，民主德国局势发生急剧变化，“柏林墙”面临拆除的命运，但此时也是最黑暗的时刻，各种暗杀行动时有发生。一位英国军情六处的地下官员在柏林遇刺，他掌握了从民主德国带回来的一份间谍名单，但杀手在他身上并未找到。一位名叫洛林·布劳顿（塞隆 饰）的特工，肩负起找回这份间谍名单的任务。
　　此前曾报道，导演雷奇和斯塔尔斯基将会拍摄《疾速追杀》续集，基努·里维斯在内的主演均将回归。但在拍摄该片之前，两人会先着手将这部女性角色挑大梁的动作惊悚片搬上银幕。
WEB-DL ：
Atomic.Blonde.2017.1080p.WEB-DL.DD5.1.H264-FGT
字幕：
https://pan.baidu.com/s/1c20G4UG 密码: gufr
https://pan.baidu.com/s/1nvUkwzv
Download:
[hide][code]magnet:?xt=urn:btih:1096f1d67b459d74b368d25ab97d4e03a6d0b1f5&amp;dn=Atomic.Blonde.2017.1080p.WEB-DL.DD5.1.H264-FGT&amp;tr=http%3A%2F%2Ftracker.trackerfix.com%3A80%2Fannounce&amp;tr=udp%3A%2F%2F9.rarbg.me%3A2710&amp;tr=udp%3A%2F%2F9.rarbg.to%3A2710[/code][/hide]


=+==+==+==+==+==+==+==+==+==+==+==+==+==+==+==+==+==+==+==+=

link: http://gaoqing.la/paradox.html2017年 杀破狼·贪狼 [古天乐 吴樾 托尼贾等主演]
[img]http://wx2.sinaimg.cn/bmiddle/ed5e6a1dly1fkoyhrb5a9j20go0ncgnw.jpg[/img]
、
◎译　　名　杀破狼·贪狼
◎片　　名　殺破狼‧貪狼
◎年　　代　2017
◎产　　地　香港/中国大陆
◎类　　别　剧情/动作
◎语　　言　粤语
◎上映日期　2017-08-17(中国大陆)/2017-08-25(香港)
◎IMDb评分 7.2/10 from 220 users
◎IMDb链接 http://1080pdy.com/tt7245176/
◎豆瓣评分　7.4/10 from 49,580 users
◎豆瓣链接　http://1080pdy.com/26826398/
◎片　　长　101分钟
◎导　　演　叶伟信 Wilson Yip
◎主　　演　古天乐 Louis Koo
　　　　　　吴樾 Yue Wu
　　　　　　托尼·贾 Tony Jaa
　　　　　　林家栋 Ka Tung Lam
　　　　　　克里斯·柯林斯 Chris Collins
　　　　　　郑雪儿 Michelle Saram
　　　　　　卢惠光 Ken Lo
　　　　　　蔡洁 Jacky Cai
　　　　　　陈汉娜 Hanna Chan
◎简　　介
　　香港警察李忠志（古天乐 饰）得知女儿芝（陈汉娜 饰）于泰国旅游间莫名失踪，即亲赴泰国报警求助。负责案件的华人探员崔杰（吴樾 饰），应允让他一同调查，却想不到李忠志利用媒体呼吁市民提供线索。 一条意外拍下芝被捉走的片段上载至警方网站，却被神秘删除。崔杰即连同好友兼同袍Tak（托尼·贾 饰）同赴寻找片主，却遇神秘人马截足灭证，狭路相逢，展开追截并与之搏斗。李忠志与崔杰两人逐步调查，却发现案中有案，并开始意识凶手背后神秘势力非他们能对付……
◎获奖情况
　　第54届台北金马影展  (2017)
　　金马奖 最佳动作设计(提名) 洪金宝
WEB-DL：
Paradox.2017.4k&1080p.WEB-DL.x264.AAC-HQC
720P：
The.Adventurers.2017.CHINESE.720p.BluRay.x264.DD5.1-FGT
1080P：
The.Adventurers.2017.CHINESE.1080p.BluRay.x264.DD5.1-FGT
高码1080P：
The.Adventurers.2017.CHINESE.1080p.BluRay.x264.TrueHD.7.1-FGT
原盘Remux：
The.Adventurers.2017.CHINESE.1080p.BluRay.REMUX.AVC.TrueHD.7.1-FGT
原盘：
The.Adventurers.2017.CHINESE.1080p.BluRay.AVC.TrueHD.7.1-FGT
Download:
[hide][code]magnet:?xt=urn:btih:cec86601640f1b97454b13999aaf28250204507f[/code][/hide]
Download:
[hide][code]magnet:?xt=urn:btih:2e4918509cd643f19c9375a5b8be5a2894e0235f&amp;dn=The.Adventurers.2017.CHINESE.720p.BluRay.x264.DD5.1-FGT&amp;tr=http%3A%2F%2Ftracker.trackerfix.com%3A80%2Fannounce&amp;tr=udp%3A%2F%2F9.rarbg.me%3A2710&amp;tr=udp%3A%2F%2F9.rarbg.to%3A2710[/code][/hide]
Download:
[hide][code]magnet:?xt=urn:btih:057ca28e22f2a63b3892d529589cb4b0d996cd17&amp;dn=The.Adventurers.2017.CHINESE.1080p.BluRay.x264.DD5.1-FGT&amp;tr=http%3A%2F%2Ftracker.trackerfix.com%3A80%2Fannounce&amp;tr=udp%3A%2F%2F9.rarbg.me%3A2710&amp;tr=udp%3A%2F%2F9.rarbg.to%3A2710[/code][/hide]
Download:
[hide][code]magnet:?xt=urn:btih:35763d9f0a1bdfad0d76a9d40e55aae4d1b2a843&amp;dn=The.Adventurers.2017.CHINESE.1080p.BluRay.x264.TrueHD.7.1-FGT&amp;tr=http%3A%2F%2Ftracker.trackerfix.com%3A80%2Fannounce&amp;tr=udp%3A%2F%2F9.rarbg.me%3A2710&amp;tr=udp%3A%2F%2F9.rarbg.to%3A2710[/code][/hide]
Download:
[hide][code]magnet:?xt=urn:btih:ff03c120e466584ee09e3035d292d68a867a6346&amp;dn=The.Adventurers.2017.CHINESE.1080p.BluRay.REMUX.AVC.TrueHD.7.1-FGT&amp;tr=http%3A%2F%2Ftracker.trackerfix.com%3A80%2Fannounce&amp;tr=udp%3A%2F%2F9.rarbg.me%3A2710&amp;tr=udp%3A%2F%2F9.rarbg.to%3A2710[/code][/hide]
Download:
[hide][code]magnet:?xt=urn:btih:a18dadb66dde0f44c800fdabd3b295d593e6edd5&amp;dn=The.Adventurers.2017.CHINESE.1080p.BluRay.AVC.TrueHD.7.1-FGT&amp;tr=http%3A%2F%2Ftracker.trackerfix.com%3A80%2Fannounce&amp;tr=udp%3A%2F%2F9.rarbg.me%3A2710&amp;tr=udp%3A%2F%2F9.rarbg.to%3A2710[/code][/hide]


=+==+==+==+==+==+==+==+==+==+==+==+==+==+==+==+==+==+==+==+=

link: http://gaoqing.la/detective-conan-the-crimson-love-letter.html2017年 名侦探柯南：唐红的恋歌 [一年一部剧场版]
[img]http://wx4.sinaimg.cn/bmiddle/ed5e6a1dly1fknaagau69j20go0odtbm.jpg[/img]
◎译　　名　名侦探柯南：唐红的恋歌/名侦探柯南21: 唐紅的恋歌(台)/名侦探柯南：剧场版21/名侦探柯南：2017年剧场版
◎片　　名　名探偵コナン から紅の恋歌
◎年　　代　2017
◎产　　地　日本
◎类　　别　动画/悬疑
◎语　　言　日语
◎上映日期　2017-04-15(日本)
◎IMDb评分 6.8/10 from 272 users
◎IMDb链接 http://1080pdy.com/tt5692622/
◎豆瓣评分　6.4/10 from 7,437 users
◎豆瓣链接　http://1080pdy.com/26788667/
◎片　　长　112分钟
◎导　　演　静野孔文 Kobun Shizuno
◎主　　演　高山南 Minami Takayama
　　　　　　山崎和佳奈 Wakana Yamazaki
　　　　　　小山力也 Rikiya Koyama
　　　　　　堀川亮 Ryô Horikawa
　　　　　　宫村优子 Yûko Miyamura
　　　　　　绪方贤一 Kenichi Ogata
　　　　　　岩居由希子 Yukiko Iwai
　　　　　　高木渉 Takagi Wataru
　　　　　　大谷育江 Ikue Ootani
　　　　　　林原惠美 Megumi Hayashibara
　　　　　　宫川大辅 Daisuke Miyagawa
　　　　　　吉冈里帆 Riho Yoshioka
　　　　　　雪野五月 Satsuki Yukino
◎简　　介
　　舞台：大阪&京都，正在录制”皐月杯”百人一首记者会的大阪地标·日卖电视台突然发生爆炸，千钧一发之际，急忙赶来的柯南救出了被困在崩塌大楼中的平次与和叶，而另一侧，”皐月杯”冠军在京都屋内遭人杀害，监控器里所显示出的是——红叶…原作中的重要角色，百人一首高中生冠军，自称”平次未婚妻”的大冈红叶，将首次在剧场版中登场，新一和小兰的关系也将发生变化….
1080P：
Detective.Conan.The.Crimson.Love.Letter.2017.BluRay.1080p.x264.TrueHD.5.1-HDChina
Download:
[hide][code]magnet:?xt=urn:btih:5ad133af8232ecf36c8d048cf5a695f9426fca56[/code][/hide]


=+==+==+==+==+==+==+==+==+==+==+==+==+==+==+==+==+==+==+==+=

link: http://gaoqing.la/march-comes-in-like-a-lion.html2017年 3月的狮子 前篇 [17岁天才棋士 为了生存堵上一切]
[img]http://wx4.sinaimg.cn/bmiddle/ed5e6a1dly1fkna3r1phfj20go0nl76a.jpg[/img]
◎译　　名　3月的狮子 前篇/三月的狮子 前篇
◎片　　名　3月のライオン 前編
◎年　　代　2017
◎产　　地　日本
◎类　　别　剧情
◎语　　言　日语
◎上映日期　2017-03-18(日本)
◎IMDb评分 7.0/10 from 49 users
◎IMDb链接 http://1080pdy.com/tt5514632/
◎豆瓣评分　7.4/10 from 1,000 users
◎豆瓣链接　http://1080pdy.com/26615511/
◎片　　长　138分钟
◎导　　演　大友启史 Keishi Ohtomo
◎主　　演　神木隆之介 Ryûnosuke Kamiki
　　　　　　有村架纯 Kasumi Arimura
　　　　　　仓科加奈 Kana Kurashina
　　　　　　染谷将太 Shôta Sometani
　　　　　　清原果耶 Kaya Kiyohara
　　　　　　佐佐木藏之介 Kuranosuke Sasaki
　　　　　　加濑亮 Ryo Kase
　　　　　　前田吟 Gin Maeda
　　　　　　高桥一生 Issei Takahashi
　　　　　　岩松了 Ryô Iwamatsu
　　　　　　齐木茂 Shigeru Saiki
　　　　　　中村伦也 Tomoya Nakamura
　　　　　　尾上寛之 Hiroyuki Onoe
　　　　　　奥野瑛太 Eita Okuno
　　　　　　甲本雅裕 Masahiro Kômoto
　　　　　　新津知世 Chise Niitsu
　　　　　　板谷由夏 Yuka Itaya
　　　　　　伊藤英明 Hideaki Ito
　　　　　　丰川悦司 Etsushi Toyokawa
◎简　　介
　　17岁的职业将棋手桐山零，年幼时失去亲人，孤独的他在与川本三姐妹的相处中不断成长，逐渐找回了失去的东西。
720P：内封中字
March.Comes.in.Like.a.Lion.2017.720p.BluRay.x264-WiKi
1080P：内封中字
March.Comes.in.Like.a.Lion.2017.1080p.BluRay.x264.DTS-WiKi
Download:
[hide][code]magnet:?xt=urn:btih:146c204be1a88d65f2b87cfc288fcb1a07780565&amp;dn=March.Comes.in.Like.a.Lion.2017.720p.BluRay.x264-WiKi&amp;tr=http%3A%2F%2Ftracker.trackerfix.com%3A80%2Fannounce&amp;tr=udp%3A%2F%2F9.rarbg.me%3A2710&amp;tr=udp%3A%2F%2F9.rarbg.to%3A2710[/code][/hide]
Download:
[hide][code]magnet:?xt=urn:btih:11b3bcedef9c812cae5c18a41333d10da74b918d&amp;dn=March.Comes.in.Like.a.Lion.2017.1080p.BluRay.x264.DTS-WiKi&amp;tr=http%3A%2F%2Ftracker.trackerfix.com%3A80%2Fannounce&amp;tr=udp%3A%2F%2F9.rarbg.me%3A2710&amp;tr=udp%3A%2F%2F9.rarbg.to%3A2710[/code][/hide]


=+==+==+==+==+==+==+==+==+==+==+==+==+==+==+==+==+==+==+==+=

link: http://gaoqing.la/mother-lake.html2016年 母亲湖 [堅信你所相信的]
[img]http://wx1.sinaimg.cn/bmiddle/ed5e6a1dly1fkn9x5s8juj20go0oomyz.jpg[/img]
◎译　　名　母亲湖
◎片　　名　マザーレイク
◎年　　代　2016
◎产　　地　日本
◎类　　别　剧情
◎语　　言　日语
◎上映日期　2016-06-04(日本)
◎豆瓣评分　6.2/10 from 23 users
◎豆瓣链接　http://1080pdy.com/26597751/
◎片　　长　96分钟
◎导　　演　瀬木直貴
◎主　　演　内田朝陽
　　　　　　鶴田真由
　　　　　　高橋メアリージュン
　　　　　　木ノ本嶺浩
　　　　　　高橋ユウ
　　　　　　津田寛治
　　　　　　斉木しげる
　　　　　　大和田伸也
　　　　　　別所哲也
◎简　　介
　　映画『マザーレイク』が、2016年夏に公開される。
　　同作は、世界的な写真賞を受賞して滋賀に戻ってきた31歳の藤居亮介を主人公に、11歳の亮介が琵琶湖に棲むとされる首長竜・通称「ビワッシー」の存在を証明するために繰り広げた、ひと夏の冒険を描いた作品。「夢を追いかけること」と「信じること」、「夢を諦めること」と「疑うこと」をテーマに掲げ、全編にわたって滋賀で撮影が行われるという。
　　キャストには、31歳の亮介を演じる内田朝陽をはじめ、鶴田真由、高橋メアリージュン、木ノ本嶺浩、高橋ユウ、津田寛治、斉木しげる、大和田伸也、別所哲也らが名を連ねている。また、公開オーディションで選出された地元のキャストや50人以上の子どもたちも出演する。
　　監督は、高岡蒼佑の主演映画『ROUTE42』などを手掛けた瀬木直貴。脚本は、演劇作品に加えて映像作品も発表している劇団「月面クロワッサン」の代表・作道雄が担当している。
720P内封中字：
Mother.Lake.2016.720p.BluRay.x264-WiKi
1080P内封中字：
Mother.Lake.2016.1080p.BluRay.x264-WiKi
Download:
[hide][code]magnet:?xt=urn:btih:df0c72df14620f670bb3d3e9c176e93b6105461c&amp;dn=Mother.Lake.2016.720p.BluRay.x264-WiKi&amp;tr=http%3A%2F%2Ftracker.trackerfix.com%3A80%2Fannounce&amp;tr=udp%3A%2F%2F9.rarbg.me%3A2710&amp;tr=udp%3A%2F%2F9.rarbg.to%3A2710[/code][/hide]
Download:
[hide][code]magnet:?xt=urn:btih:97e7ceda0d7bee49a7e120f7bce9731ee3aec5de&amp;dn=Mother.Lake.2016.1080p.BluRay.x264-WiKi&amp;tr=http%3A%2F%2Ftracker.trackerfix.com%3A80%2Fannounce&amp;tr=udp%3A%2F%2F9.rarbg.me%3A2710&amp;tr=udp%3A%2F%2F9.rarbg.to%3A2710[/code][/hide]


=+==+==+==+==+==+==+==+==+==+==+==+==+==+==+==+==+==+==+==+=

link: http://gaoqing.la/maudie.html

